<?xml version="1.0" encoding="UTF-8"?>
<!-- Generated by org.testng.reporters.JUnitXMLReporter -->
<testsuite ignored="0" hostname="BANPC0XGV2W" failures="0" tests="2" name="Free CRM App Test Cases" time="57.249" errors="0" timestamp="27 Jun 2020 02:27:35 GMT">
  <testcase classname="com.my_first_projectv1.testcases.TC_login_Testcase_001" name="LoginTest" time="11.333"/>
  <testcase classname="com.my_first_projectv1.testcases.TC_02_Test_verifyAll_homeLink" name="allHomeLinkVerify" time="33.007"/>
</testsuite> <!-- Free CRM App Test Cases -->
