<?xml version="1.0" encoding="UTF-8"?>
<!-- Generated by org.testng.reporters.JUnitXMLReporter -->
<testsuite ignored="1" hostname="BANPC0XGV2W" failures="0" tests="0" name="Free CRM App Test Cases" time="0.067" errors="0" timestamp="11 Jul 2020 02:46:13 GMT">
  <testcase classname="com.my_first_projectv1.testBase.BaseClass" name="@BeforeTest SetExtent" time="0.049">
    <failure type="java.lang.NullPointerException">
      <![CDATA[java.lang.NullPointerException
at java.base/java.io.File.<init>(Unknown Source)
at com.aventstack.extentreports.reporter.BasicFileReporter.init(BasicFileReporter.java:106)
at com.aventstack.extentreports.reporter.ExtentHtmlReporter.<init>(ExtentHtmlReporter.java:33)
at com.my_first_projectv1.testBase.BaseClass.SetExtent(BaseClass.java:61)
... Removed 24 stack frames]]>
    </failure>
  </testcase> <!-- @BeforeTest SetExtent -->
  <testcase classname="com.my_first_projectv1.testBase.BaseClass" name="@BeforeMethod Setup" time="0.0">
    <skipped/>
  </testcase> <!-- @BeforeMethod Setup -->
  <testcase classname="com.my_first_projectv1.testBase.BaseClass" name="@BeforeTest SetExtent" time="0.0">
    <ignored/>
  </testcase> <!-- @BeforeTest SetExtent -->
</testsuite> <!-- Free CRM App Test Cases -->
