<?xml version="1.0" encoding="UTF-8"?>
<testng-results ignored="0" total="1" passed="1" failed="0" skipped="0">
  <reporter-output>
  </reporter-output>
  <suite started-at="2020-06-27T00:58:11Z" name="Default suite" finished-at="2020-06-27T00:58:51Z" duration-ms="39386">
    <groups>
    </groups>
    <test started-at="2020-06-27T00:58:11Z" name="Default test" finished-at="2020-06-27T00:58:51Z" duration-ms="39386">
      <class name="com.my_first_projectv1.testcases.TC_02_Test_verifyAll_homeLink">
        <test-method is-config="true" signature="Setup()[pri:0, instance:com.my_first_projectv1.testcases.TC_02_Test_verifyAll_homeLink@e350b40]" started-at="2020-06-27T00:58:11Z" name="Setup" finished-at="2020-06-27T00:58:17Z" duration-ms="5291" status="PASS">
          <reporter-output>
          </reporter-output>
        </test-method> <!-- Setup -->
        <test-method signature="allHomeLinkVerify()[pri:0, instance:com.my_first_projectv1.testcases.TC_02_Test_verifyAll_homeLink@e350b40]" started-at="2020-06-27T00:58:17Z" name="allHomeLinkVerify" finished-at="2020-06-27T00:58:49Z" duration-ms="32609" status="PASS">
          <reporter-output>
          </reporter-output>
        </test-method> <!-- allHomeLinkVerify -->
        <test-method is-config="true" signature="Teardown()[pri:0, instance:com.my_first_projectv1.testcases.TC_02_Test_verifyAll_homeLink@e350b40]" started-at="2020-06-27T00:58:49Z" name="Teardown" finished-at="2020-06-27T00:58:51Z" duration-ms="1455" status="PASS">
          <reporter-output>
          </reporter-output>
        </test-method> <!-- Teardown -->
      </class> <!-- com.my_first_projectv1.testcases.TC_02_Test_verifyAll_homeLink -->
    </test> <!-- Default test -->
  </suite> <!-- Default suite -->
</testng-results>
