<?xml version="1.0" encoding="UTF-8"?>
<testng-results ignored="0" total="1" passed="0" failed="0" skipped="1">
  <reporter-output>
  </reporter-output>
  <suite started-at="2020-06-28T21:07:47Z" name="Default suite" finished-at="2020-06-28T21:07:48Z" duration-ms="106">
    <groups>
    </groups>
    <test started-at="2020-06-28T21:07:47Z" name="Default test" finished-at="2020-06-28T21:07:48Z" duration-ms="106">
      <class name="com.my_first_projectv1.testcases.TC_02_Test_verifyAll_homeLink">
        <test-method is-config="true" signature="SetExtent()[pri:0, instance:com.my_first_projectv1.testcases.TC_02_Test_verifyAll_homeLink@13e344d]" started-at="2020-06-28T21:07:47Z" name="SetExtent" finished-at="2020-06-28T21:07:48Z" duration-ms="72" status="FAIL">
          <exception class="java.lang.NullPointerException">
            <full-stacktrace>
              <![CDATA[java.lang.NullPointerException
at java.base/java.io.File.<init>(Unknown Source)
at com.aventstack.extentreports.reporter.BasicFileReporter.init(BasicFileReporter.java:106)
at com.aventstack.extentreports.reporter.ExtentHtmlReporter.<init>(ExtentHtmlReporter.java:33)
at com.my_first_projectv1.testBase.BaseClass.SetExtent(BaseClass.java:61)
at java.base/jdk.internal.reflect.NativeMethodAccessorImpl.invoke0(Native Method)
at java.base/jdk.internal.reflect.NativeMethodAccessorImpl.invoke(Unknown Source)
at java.base/jdk.internal.reflect.DelegatingMethodAccessorImpl.invoke(Unknown Source)
at java.base/java.lang.reflect.Method.invoke(Unknown Source)
at org.testng.internal.MethodInvocationHelper.invokeMethod(MethodInvocationHelper.java:124)
at org.testng.internal.MethodInvocationHelper.invokeMethodConsideringTimeout(MethodInvocationHelper.java:59)
at org.testng.internal.Invoker.invokeConfigurationMethod(Invoker.java:458)
at org.testng.internal.Invoker.invokeConfigurations(Invoker.java:222)
at org.testng.internal.Invoker.invokeConfigurations(Invoker.java:142)
at org.testng.TestRunner.beforeRun(TestRunner.java:529)
at org.testng.TestRunner.run(TestRunner.java:497)
at org.testng.SuiteRunner.runTest(SuiteRunner.java:455)
at org.testng.SuiteRunner.runSequentially(SuiteRunner.java:450)
at org.testng.SuiteRunner.privateRun(SuiteRunner.java:415)
at org.testng.SuiteRunner.run(SuiteRunner.java:364)
at org.testng.SuiteRunnerWorker.runSuite(SuiteRunnerWorker.java:52)
at org.testng.SuiteRunnerWorker.run(SuiteRunnerWorker.java:84)
at org.testng.TestNG.runSuitesSequentially(TestNG.java:1208)
at org.testng.TestNG.runSuitesLocally(TestNG.java:1137)
at org.testng.TestNG.runSuites(TestNG.java:1049)
at org.testng.TestNG.run(TestNG.java:1017)
at org.testng.remote.AbstractRemoteTestNG.run(AbstractRemoteTestNG.java:115)
at org.testng.remote.RemoteTestNG.initAndRun(RemoteTestNG.java:251)
at org.testng.remote.RemoteTestNG.main(RemoteTestNG.java:77)
]]>
            </full-stacktrace>
          </exception> <!-- java.lang.NullPointerException -->
          <reporter-output>
          </reporter-output>
        </test-method> <!-- SetExtent -->
        <test-method is-config="true" signature="Setup()[pri:0, instance:com.my_first_projectv1.testcases.TC_02_Test_verifyAll_homeLink@13e344d]" started-at="2020-06-28T21:07:48Z" name="Setup" finished-at="2020-06-28T21:07:48Z" duration-ms="0" status="SKIP">
          <reporter-output>
          </reporter-output>
        </test-method> <!-- Setup -->
        <test-method signature="allHomeLinkVerify()[pri:0, instance:com.my_first_projectv1.testcases.TC_02_Test_verifyAll_homeLink@13e344d]" started-at="2020-06-28T21:07:48Z" name="allHomeLinkVerify" finished-at="2020-06-28T21:07:48Z" duration-ms="0" status="SKIP">
          <exception class="java.lang.NullPointerException">
            <full-stacktrace>
              <![CDATA[java.lang.NullPointerException
at java.base/java.io.File.<init>(Unknown Source)
at com.aventstack.extentreports.reporter.BasicFileReporter.init(BasicFileReporter.java:106)
at com.aventstack.extentreports.reporter.ExtentHtmlReporter.<init>(ExtentHtmlReporter.java:33)
at com.my_first_projectv1.testBase.BaseClass.SetExtent(BaseClass.java:61)
at java.base/jdk.internal.reflect.NativeMethodAccessorImpl.invoke0(Native Method)
at java.base/jdk.internal.reflect.NativeMethodAccessorImpl.invoke(Unknown Source)
at java.base/jdk.internal.reflect.DelegatingMethodAccessorImpl.invoke(Unknown Source)
at java.base/java.lang.reflect.Method.invoke(Unknown Source)
at org.testng.internal.MethodInvocationHelper.invokeMethod(MethodInvocationHelper.java:124)
at org.testng.internal.MethodInvocationHelper.invokeMethodConsideringTimeout(MethodInvocationHelper.java:59)
at org.testng.internal.Invoker.invokeConfigurationMethod(Invoker.java:458)
at org.testng.internal.Invoker.invokeConfigurations(Invoker.java:222)
at org.testng.internal.Invoker.invokeConfigurations(Invoker.java:142)
at org.testng.TestRunner.beforeRun(TestRunner.java:529)
at org.testng.TestRunner.run(TestRunner.java:497)
at org.testng.SuiteRunner.runTest(SuiteRunner.java:455)
at org.testng.SuiteRunner.runSequentially(SuiteRunner.java:450)
at org.testng.SuiteRunner.privateRun(SuiteRunner.java:415)
at org.testng.SuiteRunner.run(SuiteRunner.java:364)
at org.testng.SuiteRunnerWorker.runSuite(SuiteRunnerWorker.java:52)
at org.testng.SuiteRunnerWorker.run(SuiteRunnerWorker.java:84)
at org.testng.TestNG.runSuitesSequentially(TestNG.java:1208)
at org.testng.TestNG.runSuitesLocally(TestNG.java:1137)
at org.testng.TestNG.runSuites(TestNG.java:1049)
at org.testng.TestNG.run(TestNG.java:1017)
at org.testng.remote.AbstractRemoteTestNG.run(AbstractRemoteTestNG.java:115)
at org.testng.remote.RemoteTestNG.initAndRun(RemoteTestNG.java:251)
at org.testng.remote.RemoteTestNG.main(RemoteTestNG.java:77)
]]>
            </full-stacktrace>
          </exception> <!-- java.lang.NullPointerException -->
          <reporter-output>
          </reporter-output>
        </test-method> <!-- allHomeLinkVerify -->
        <test-method is-config="true" signature="Teardown()[pri:0, instance:com.my_first_projectv1.testcases.TC_02_Test_verifyAll_homeLink@13e344d]" started-at="2020-06-28T21:07:48Z" name="Teardown" finished-at="2020-06-28T21:07:48Z" duration-ms="0" status="SKIP">
          <reporter-output>
          </reporter-output>
        </test-method> <!-- Teardown -->
      </class> <!-- com.my_first_projectv1.testcases.TC_02_Test_verifyAll_homeLink -->
    </test> <!-- Default test -->
  </suite> <!-- Default suite -->
</testng-results>
